<?xml version="1.0" encoding="UTF-8"?>
<testng-results ignored="0" total="1" passed="1" failed="0" skipped="0">
  <reporter-output>
  </reporter-output>
  <suite started-at="2022-08-28T13:06:32Z" name="Default suite" finished-at="2022-08-28T13:06:35Z" duration-ms="2418">
    <groups>
    </groups>
    <test started-at="2022-08-28T13:06:32Z" name="Default test" finished-at="2022-08-28T13:06:35Z" duration-ms="2418">
      <class name="com.RestAPI.Test_RestAPI">
        <test-method signature="createAPI()[pri:0, instance:com.RestAPI.Test_RestAPI@606e4010]" started-at="2022-08-28T18:36:32Z" name="createAPI" finished-at="2022-08-28T18:36:35Z" duration-ms="2391" status="PASS">
          <reporter-output>
          </reporter-output>
        </test-method> <!-- createAPI -->
      </class> <!-- com.RestAPI.Test_RestAPI -->
    </test> <!-- Default test -->
  </suite> <!-- Default suite -->
</testng-results>
